<?xml version="1.0" encoding="UTF-8"?>
<!-- Generated by org.testng.reporters.JUnitXMLReporter -->
<testsuite ignored="3" hostname="Avenger" failures="0" tests="1" name="Add-Item-to-Cart" time="23.877" errors="0" timestamp="2023-04-30T09:30:54 GMT-05:00">
  <testcase classname="Automation.Amazon.standAloneTest" name="submitOrder" time="17.808"/>
  <testcase classname="Automation.Amazon.standAloneTest" name="compareItems" time="0.0">
    <ignored/>
  </testcase> <!-- compareItems -->
  <testcase classname="Automation.Amazon.standAloneTest" name="verifyError" time="0.0">
    <ignored/>
  </testcase> <!-- verifyError -->
  <testcase classname="Automation.Amazon.standAloneTest" name="verifyCart" time="0.0">
    <ignored/>
  </testcase> <!-- verifyCart -->
</testsuite> <!-- Add-Item-to-Cart -->
